Using pre-set license
Built from '2020.3/release' branch; Version is '2020.3.2f1 (8fd9074bf66c) revision 9427207'; Using compiler version '192528614'; Build Type 'Release'
OS: 'Windows 10 Pro; OS build 19045.2965; Version 2009; 64bit' Language: 'zh' Physical Memory: 15762 MB
BatchMode: 1, IsHumanControllingUs: 0, StartBugReporterOnCrash: 0, Is64bit: 1, IsPro: 0

 COMMAND LINE ARGUMENTS:
C:\Program Files\Unity\Editor\Unity.exe
-adb2
-batchMode
-noUpm
-name
AssetImportWorker0
-projectPath
C:/Users/Administrator/Desktop/Project/StarForce
-logFile
Logs/AssetImportWorker0.log
-srvPort
53078
Successfully changed project path to: C:/Users/Administrator/Desktop/Project/StarForce
C:/Users/Administrator/Desktop/Project/StarForce
Using Asset Import Pipeline V2.
Refreshing native plugins compatible for Editor in 7.21 ms, found 0 plugins.
Preloading 0 native plugins for Editor in 0.00 ms.
Initialize engine version: 2020.3.2f1 (8fd9074bf66c)
[Subsystems] Discovering subsystems at path C:/Program Files/Unity/Editor/Data/Resources/UnitySubsystems
[Subsystems] Discovering subsystems at path C:/Users/Administrator/Desktop/Project/StarForce/Assets
GfxDevice: creating device client; threaded=0
Direct3D:
    Version:  Direct3D 11.0 [level 11.1]
    Renderer: AMD Radeon(TM) Graphics (ID=0x1638)
    Vendor:   
    VRAM:     7881 MB
    Driver:   31.0.21902.5
Initialize mono
Mono path[0] = 'C:/Program Files/Unity/Editor/Data/Managed'
Mono path[1] = 'C:/Program Files/Unity/Editor/Data/MonoBleedingEdge/lib/mono/unityjit'
Mono config path = 'C:/Program Files/Unity/Editor/Data/MonoBleedingEdge/etc'
Using monoOptions --debugger-agent=transport=dt_socket,embedding=1,server=y,suspend=n,address=127.0.0.1:56496
Begin MonoManager ReloadAssembly
Registering precompiled unity dll's ...
Register platform support module: C:/Program Files/Unity/Editor/Data/PlaybackEngines/WindowsStandaloneSupport/UnityEditor.WindowsStandalone.Extensions.dll
Registered in 0.000804 seconds.
Native extension for WindowsStandalone target not found
Refreshing native plugins compatible for Editor in 6.68 ms, found 0 plugins.
Preloading 0 native plugins for Editor in 0.00 ms.
Invoked RoslynAnalysisRunner static constructor.
RoslynAnalysisRunner will not be running.
RoslynAnalysisRunner has terminated.
Mono: successfully reloaded assembly
- Completed reload, in  0.595 seconds
Platform modules already initialized, skipping
Registering precompiled user dll's ...
Registered in 0.001358 seconds.
Begin MonoManager ReloadAssembly
Native extension for WindowsStandalone target not found
Refreshing native plugins compatible for Editor in 0.15 ms, found 0 plugins.
Preloading 0 native plugins for Editor in 0.00 ms.
Invoked RoslynAnalysisRunner static constructor.
RoslynAnalysisRunner will not be running.
RoslynAnalysisRunner has terminated.
Mono: successfully reloaded assembly
- Completed reload, in  0.472 seconds
Platform modules already initialized, skipping
========================================================================
Worker process is ready to serve import requests
Launched and connected shader compiler UnityShaderCompiler.exe after 0.03 seconds
Refreshing native plugins compatible for Editor in 0.14 ms, found 0 plugins.
Preloading 0 native plugins for Editor in 0.00 ms.
Unloading 679 Unused Serialized files (Serialized files now loaded: 0)
System memory in use before: 43.4 MB.
System memory in use after: 43.4 MB.

Unloading 8 unused Assets to reduce memory usage. Loaded Objects now: 1114.
Total: 1.338700 ms (FindLiveObjects: 0.102200 ms CreateObjectMapping: 0.022300 ms MarkObjects: 1.166900 ms  DeleteObjects: 0.046400 ms)

========================================================================
Received Import Request.
  path: Assets/GameFramework/GameFramework.prefab
  artifactKey: Guid(adb3eb1c35fcff14f89fba7b05c9d71c) Importer(815301076,1909f56bfc062723c751e8b465ee728b)
Start importing Assets/GameFramework/GameFramework.prefab using Guid(adb3eb1c35fcff14f89fba7b05c9d71c) Importer(815301076,1909f56bfc062723c751e8b465ee728b)  -> (artifact id: '6582a6af7ce87d030b6f2689ddea6e73') in 0.057323 seconds
  Import took 0.058547 seconds .

========================================================================
Received Import Request.
  Time since last request: 2.248198 seconds.
  path: Assets/GameMain/Scenes
  artifactKey: Guid(8aa04725784d110458eddfb0f7fed5dc) Importer(815301076,1909f56bfc062723c751e8b465ee728b)
Start importing Assets/GameMain/Scenes using Guid(8aa04725784d110458eddfb0f7fed5dc) Importer(815301076,1909f56bfc062723c751e8b465ee728b)  -> (artifact id: 'cd3d2225db1f7d2dd332ae936cb9ebb6') in 0.007472 seconds
  Import took 0.008925 seconds .

========================================================================
Received Import Request.
  Time since last request: 0.000769 seconds.
  path: Assets/GameMain/Scenes
  artifactKey: Guid(8aa04725784d110458eddfb0f7fed5dc) Importer(815301076,1909f56bfc062723c751e8b465ee728b)
Start importing Assets/GameMain/Scenes using Guid(8aa04725784d110458eddfb0f7fed5dc) Importer(815301076,1909f56bfc062723c751e8b465ee728b)  -> (artifact id: 'cd3d2225db1f7d2dd332ae936cb9ebb6') in 0.001707 seconds
  Import took 0.002697 seconds .

========================================================================
Received Import Request.
  Time since last request: 1.074801 seconds.
  path: Assets/GameMain/Scenes/Main.unity
  artifactKey: Guid(4473d81b14ddb0143addf0e6050d8491) Importer(815301076,1909f56bfc062723c751e8b465ee728b)
Start importing Assets/GameMain/Scenes/Main.unity using Guid(4473d81b14ddb0143addf0e6050d8491) Importer(815301076,1909f56bfc062723c751e8b465ee728b)  -> (artifact id: '10b0aac2b90c25e772a9a3e28dd9d00a') in 0.008946 seconds
  Import took 0.010341 seconds .

========================================================================
Received Import Request.
  Time since last request: 4.142829 seconds.
  path: Assets/GameMain/Scenes/Menu.unity
  artifactKey: Guid(b031b4f2980561542a7f7ba41391edc3) Importer(815301076,1909f56bfc062723c751e8b465ee728b)
Start importing Assets/GameMain/Scenes/Menu.unity using Guid(b031b4f2980561542a7f7ba41391edc3) Importer(815301076,1909f56bfc062723c751e8b465ee728b)  -> (artifact id: '15bd98e1f3454591aaafaae75b95a628') in 0.008901 seconds
  Import took 0.009954 seconds .

========================================================================
Received Import Request.
  Time since last request: 10.956304 seconds.
  path: Assets/GameMain/Sounds/explosion_asteroid.wav
  artifactKey: Guid(3dc7455402dfa462b89a4bbd513955e9) Importer(815301076,1909f56bfc062723c751e8b465ee728b)
Start importing Assets/GameMain/Sounds/explosion_asteroid.wav using Guid(3dc7455402dfa462b89a4bbd513955e9) Importer(815301076,1909f56bfc062723c751e8b465ee728b)  -> (artifact id: 'b9b63eec47a6d94de06117c7a57d5efc') in 0.095552 seconds
  Import took 0.096806 seconds .

========================================================================
Received Import Request.
  Time since last request: 0.000134 seconds.
  path: Assets/GameMain/Sounds/weapon_enemy.wav
  artifactKey: Guid(1be4472894949437694aead55c6da60f) Importer(815301076,1909f56bfc062723c751e8b465ee728b)
Start importing Assets/GameMain/Sounds/weapon_enemy.wav using Guid(1be4472894949437694aead55c6da60f) Importer(815301076,1909f56bfc062723c751e8b465ee728b)  -> (artifact id: '09da80e52d447424fb467dcb950048ea') in 0.012033 seconds
  Import took 0.013025 seconds .

========================================================================
Received Import Request.
  Time since last request: 0.000140 seconds.
  path: Assets/GameMain/Sounds/weapon_player.wav
  artifactKey: Guid(bf75b984df8a84987bcf3a8bf6e2862d) Importer(815301076,1909f56bfc062723c751e8b465ee728b)
Start importing Assets/GameMain/Sounds/weapon_player.wav using Guid(bf75b984df8a84987bcf3a8bf6e2862d) Importer(815301076,1909f56bfc062723c751e8b465ee728b)  -> (artifact id: 'f4ae1af7072e9a39c34c89f18e55adfb') in 0.015104 seconds
  Import took 0.016563 seconds .

========================================================================
Received Import Request.
  Time since last request: 0.000262 seconds.
  path: Assets/GameMain/Sounds/explosion_player.wav
  artifactKey: Guid(a019ae3af8e864616b85773c509f5285) Importer(815301076,1909f56bfc062723c751e8b465ee728b)
Start importing Assets/GameMain/Sounds/explosion_player.wav using Guid(a019ae3af8e864616b85773c509f5285) Importer(815301076,1909f56bfc062723c751e8b465ee728b)  -> (artifact id: '963d396e397ead27ea0eaa51e813da31') in 0.032128 seconds
  Import took 0.033628 seconds .

========================================================================
Received Import Request.
  Time since last request: 0.000211 seconds.
  path: Assets/GameMain/Sounds/explosion_enemy.wav
  artifactKey: Guid(72e76810224064300b7d32e8322a5d12) Importer(815301076,1909f56bfc062723c751e8b465ee728b)
Start importing Assets/GameMain/Sounds/explosion_enemy.wav using Guid(72e76810224064300b7d32e8322a5d12) Importer(815301076,1909f56bfc062723c751e8b465ee728b)  -> (artifact id: '4edc169aa3c98cc3c7ad49c6b430249f') in 0.023463 seconds
  Import took 0.025185 seconds .

========================================================================
Received Import Request.
  Time since last request: 0.379927 seconds.
  path: Assets/GameMain/Textures/fx_lazer_cyan_dff.tif
  artifactKey: Guid(6e3730451fa077346abd4ac642ea71d8) Importer(815301076,1909f56bfc062723c751e8b465ee728b)
Start importing Assets/GameMain/Textures/fx_lazer_cyan_dff.tif using Guid(6e3730451fa077346abd4ac642ea71d8) Importer(815301076,1909f56bfc062723c751e8b465ee728b)  -> (artifact id: '6ec41713925556b648d784c62637500e') in 0.016744 seconds
  Import took 0.017844 seconds .

========================================================================
Received Import Request.
  Time since last request: 0.000139 seconds.
  path: Assets/GameMain/Textures/prop_asteroid_01_dff.tif
  artifactKey: Guid(ae6a7f967521769458b0913fa39caaf4) Importer(815301076,1909f56bfc062723c751e8b465ee728b)
Start importing Assets/GameMain/Textures/prop_asteroid_01_dff.tif using Guid(ae6a7f967521769458b0913fa39caaf4) Importer(815301076,1909f56bfc062723c751e8b465ee728b)  -> (artifact id: '4c72c29e764d312b4efb55a58a6d4ebf') in 0.009488 seconds
  Import took 0.010814 seconds .

========================================================================
Received Import Request.
  Time since last request: 0.000160 seconds.
  path: Assets/GameMain/Textures/vehicle_enemyShip_nrm.tif
  artifactKey: Guid(6e023ca4283b3a7469cd61d24c83048c) Importer(815301076,1909f56bfc062723c751e8b465ee728b)
Start importing Assets/GameMain/Textures/vehicle_enemyShip_nrm.tif using Guid(6e023ca4283b3a7469cd61d24c83048c) Importer(815301076,1909f56bfc062723c751e8b465ee728b)  -> (artifact id: '79ab4c1f5ca58602d346c44e58e40bc4') in 0.018434 seconds
  Import took 0.019764 seconds .

========================================================================
Received Import Request.
  Time since last request: 0.000196 seconds.
  path: Assets/GameMain/Textures/part_flash_dff.tif
  artifactKey: Guid(3e504a46a8fcec34db3c4776530c6eb2) Importer(815301076,1909f56bfc062723c751e8b465ee728b)
Start importing Assets/GameMain/Textures/part_flash_dff.tif using Guid(3e504a46a8fcec34db3c4776530c6eb2) Importer(815301076,1909f56bfc062723c751e8b465ee728b)  -> (artifact id: '66d55aa518b14315b61a522408559884') in 0.009694 seconds
  Import took 0.010864 seconds .

========================================================================
Received Import Request.
  Time since last request: 0.000148 seconds.
  path: Assets/GameMain/Textures/prop_asteroid_01_nrm.tif
  artifactKey: Guid(f6db5bbdfe0e9894798706814cd6b336) Importer(815301076,1909f56bfc062723c751e8b465ee728b)
Start importing Assets/GameMain/Textures/prop_asteroid_01_nrm.tif using Guid(f6db5bbdfe0e9894798706814cd6b336) Importer(815301076,1909f56bfc062723c751e8b465ee728b)  -> (artifact id: 'b91bfac22d5456b6b12f2d38c3fa1b4c') in 0.011294 seconds
  Import took 0.012387 seconds .

========================================================================
Received Import Request.
  Time since last request: 0.000137 seconds.
  path: Assets/GameMain/Textures/part_spark_large_dff.tif
  artifactKey: Guid(7e91cd9bad7babf4b975882a4b7453cb) Importer(815301076,1909f56bfc062723c751e8b465ee728b)
Start importing Assets/GameMain/Textures/part_spark_large_dff.tif using Guid(7e91cd9bad7babf4b975882a4b7453cb) Importer(815301076,1909f56bfc062723c751e8b465ee728b)  -> (artifact id: '1523dcdecf5ba171522676159e0611c2') in 0.010956 seconds
  Import took 0.012029 seconds .

========================================================================
Received Import Request.
  Time since last request: 0.000215 seconds.
  path: Assets/GameMain/Textures/part_jet_core_dff.tif
  artifactKey: Guid(0963e6c65b2b1f74d9f455e21901e2dc) Importer(815301076,1909f56bfc062723c751e8b465ee728b)
Start importing Assets/GameMain/Textures/part_jet_core_dff.tif using Guid(0963e6c65b2b1f74d9f455e21901e2dc) Importer(815301076,1909f56bfc062723c751e8b465ee728b)  -> (artifact id: '5720d7e0b6ea6e0fa1cd5f822504d841') in 0.009673 seconds
  Import took 0.010649 seconds .

========================================================================
Received Import Request.
  Time since last request: 0.000138 seconds.
  path: Assets/GameMain/Textures/prop_asteroid_03_dff.tif
  artifactKey: Guid(836be25be3e1e8c41ae5545bc8a9a4d7) Importer(815301076,1909f56bfc062723c751e8b465ee728b)
Start importing Assets/GameMain/Textures/prop_asteroid_03_dff.tif using Guid(836be25be3e1e8c41ae5545bc8a9a4d7) Importer(815301076,1909f56bfc062723c751e8b465ee728b)  -> (artifact id: '379aa6aded3892d3b874051c2c20ffc4') in 0.013242 seconds
  Import took 0.014333 seconds .

========================================================================
Received Import Request.
  Time since last request: 0.000129 seconds.
  path: Assets/GameMain/Textures/part_star_dff.tif
  artifactKey: Guid(1c89236d45255234ebd1d39657ff7e02) Importer(815301076,1909f56bfc062723c751e8b465ee728b)
Start importing Assets/GameMain/Textures/part_star_dff.tif using Guid(1c89236d45255234ebd1d39657ff7e02) Importer(815301076,1909f56bfc062723c751e8b465ee728b)  -> (artifact id: '542e79a88685a41a5c6bcd9327e90984') in 0.015737 seconds
  Import took 0.016867 seconds .

========================================================================
Received Import Request.
  Time since last request: 0.000146 seconds.
  path: Assets/GameMain/Textures/prop_asteroid_02_nrm.tif
  artifactKey: Guid(6d9b42ac01f24bf4d98923573f103575) Importer(815301076,1909f56bfc062723c751e8b465ee728b)
Start importing Assets/GameMain/Textures/prop_asteroid_02_nrm.tif using Guid(6d9b42ac01f24bf4d98923573f103575) Importer(815301076,1909f56bfc062723c751e8b465ee728b)  -> (artifact id: '69a0dee129c8163f2b6f4841a0cd0b13') in 0.012799 seconds
  Import took 0.013857 seconds .

========================================================================
Received Import Request.
  Time since last request: 0.000150 seconds.
  path: Assets/GameMain/Textures/vehicle_playerShip_orange_dff.tif
  artifactKey: Guid(4f688097e85071841a2c3ba165000c20) Importer(815301076,1909f56bfc062723c751e8b465ee728b)
Start importing Assets/GameMain/Textures/vehicle_playerShip_orange_dff.tif using Guid(4f688097e85071841a2c3ba165000c20) Importer(815301076,1909f56bfc062723c751e8b465ee728b)  -> (artifact id: 'e2fd6f449c2a34a517d85012a274490a') in 0.017483 seconds
  Import took 0.018523 seconds .

========================================================================
Received Import Request.
  Time since last request: 0.000130 seconds.
  path: Assets/GameMain/Textures/vehicle_playerShip_orange_nrm.tif
  artifactKey: Guid(6db0c8354d868834abf29840037591b1) Importer(815301076,1909f56bfc062723c751e8b465ee728b)
Start importing Assets/GameMain/Textures/vehicle_playerShip_orange_nrm.tif using Guid(6db0c8354d868834abf29840037591b1) Importer(815301076,1909f56bfc062723c751e8b465ee728b)  -> (artifact id: 'eb1209c50057a6855ed2b24f1eae3824') in 0.015032 seconds
  Import took 0.016077 seconds .

========================================================================
Received Import Request.
  Time since last request: 0.000198 seconds.
  path: Assets/GameMain/Textures/prop_asteroid_02_dff.tif
  artifactKey: Guid(ba157ba55f72c424a9e88f3c029997c4) Importer(815301076,1909f56bfc062723c751e8b465ee728b)
Start importing Assets/GameMain/Textures/prop_asteroid_02_dff.tif using Guid(ba157ba55f72c424a9e88f3c029997c4) Importer(815301076,1909f56bfc062723c751e8b465ee728b)  -> (artifact id: '3b8e68886c95163667934a9d967081c3') in 0.012829 seconds
  Import took 0.013908 seconds .

========================================================================
Received Import Request.
  Time since last request: 0.000167 seconds.
  path: Assets/GameMain/Textures/part_spark_small_dff.tif
  artifactKey: Guid(1478894bc9a1ed241b05b0862a7b8bce) Importer(815301076,1909f56bfc062723c751e8b465ee728b)
Start importing Assets/GameMain/Textures/part_spark_small_dff.tif using Guid(1478894bc9a1ed241b05b0862a7b8bce) Importer(815301076,1909f56bfc062723c751e8b465ee728b)  -> (artifact id: '5ce3c4b7ca4893c112b2b74792467036') in 0.010158 seconds
  Import took 0.011142 seconds .

========================================================================
Received Import Request.
  Time since last request: 0.000159 seconds.
  path: Assets/GameMain/Textures/prop_asteroid_03_nrm.tif
  artifactKey: Guid(7eae0d2701845a54aa570b07c55dab44) Importer(815301076,1909f56bfc062723c751e8b465ee728b)
Start importing Assets/GameMain/Textures/prop_asteroid_03_nrm.tif using Guid(7eae0d2701845a54aa570b07c55dab44) Importer(815301076,1909f56bfc062723c751e8b465ee728b)  -> (artifact id: '01e8deb2e720987fc81a837ab0d23502') in 0.016561 seconds
  Import took 0.017600 seconds .

========================================================================
Received Import Request.
  Time since last request: 0.000138 seconds.
  path: Assets/GameMain/Textures/vehicle_enemyShip_purple_dff.tif
  artifactKey: Guid(6e5d026bf0652ed4380f6a66f4aa26c5) Importer(815301076,1909f56bfc062723c751e8b465ee728b)
Start importing Assets/GameMain/Textures/vehicle_enemyShip_purple_dff.tif using Guid(6e5d026bf0652ed4380f6a66f4aa26c5) Importer(815301076,1909f56bfc062723c751e8b465ee728b)  -> (artifact id: '639ac52d604188f1561a9d7d813649db') in 0.012116 seconds
  Import took 0.013121 seconds .

========================================================================
Received Import Request.
  Time since last request: 0.000130 seconds.
  path: Assets/GameMain/Textures/part_enginePulse_dff.tif
  artifactKey: Guid(eabb37cb6d738b443b398b701a64cd88) Importer(815301076,1909f56bfc062723c751e8b465ee728b)
Start importing Assets/GameMain/Textures/part_enginePulse_dff.tif using Guid(eabb37cb6d738b443b398b701a64cd88) Importer(815301076,1909f56bfc062723c751e8b465ee728b)  -> (artifact id: 'f8ec0441c8e67609130fbb4015dfb063') in 0.009418 seconds
  Import took 0.010735 seconds .

========================================================================
Received Import Request.
  Time since last request: 0.000166 seconds.
  path: Assets/GameMain/Textures/fx_lazer_orange_dff.tif
  artifactKey: Guid(fd3cbf51780694849b9b019b36a3938e) Importer(815301076,1909f56bfc062723c751e8b465ee728b)
Start importing Assets/GameMain/Textures/fx_lazer_orange_dff.tif using Guid(fd3cbf51780694849b9b019b36a3938e) Importer(815301076,1909f56bfc062723c751e8b465ee728b)  -> (artifact id: 'a7ecc63bf10bc2757e9bb2c7d0317fab') in 0.011869 seconds
  Import took 0.013275 seconds .

========================================================================
Received Import Request.
  Time since last request: 0.000144 seconds.
  path: Assets/GameMain/Textures/part_shockwave_dff.tif
  artifactKey: Guid(04dbc0581071c254ea6564b2ff06ff9b) Importer(815301076,1909f56bfc062723c751e8b465ee728b)
Start importing Assets/GameMain/Textures/part_shockwave_dff.tif using Guid(04dbc0581071c254ea6564b2ff06ff9b) Importer(815301076,1909f56bfc062723c751e8b465ee728b)  -> (artifact id: '7e1d30635a25091394e2445bbe582781') in 0.018034 seconds
  Import took 0.019113 seconds .

========================================================================
Received Import Request.
  Time since last request: 0.000150 seconds.
  path: Assets/GameMain/Textures/tile_nebula_green_dff.tif
  artifactKey: Guid(71646ebaae78d43aeb8b53cacdb69671) Importer(815301076,1909f56bfc062723c751e8b465ee728b)
Start importing Assets/GameMain/Textures/tile_nebula_green_dff.tif using Guid(71646ebaae78d43aeb8b53cacdb69671) Importer(815301076,1909f56bfc062723c751e8b465ee728b)  -> (artifact id: '3ec9003ea214e136a031b7729f90903c') in 0.015855 seconds
  Import took 0.017355 seconds .

========================================================================
Received Import Request.
  Time since last request: 0.000174 seconds.
  path: Assets/GameMain/Textures/part_jet_flare_dff.tif
  artifactKey: Guid(2cb5eef4d7d7bf6459dd13a3f8d90246) Importer(815301076,1909f56bfc062723c751e8b465ee728b)
Start importing Assets/GameMain/Textures/part_jet_flare_dff.tif using Guid(2cb5eef4d7d7bf6459dd13a3f8d90246) Importer(815301076,1909f56bfc062723c751e8b465ee728b)  -> (artifact id: '012ddb9ae6c8179083327b121fc93abb') in 0.011658 seconds
  Import took 0.013065 seconds .

========================================================================
Received Import Request.
  Time since last request: 1.491556 seconds.
  path: Assets/GameMain/Music/music_about.mp3
  artifactKey: Guid(093f8873cfe371d41b854ed9fb6bff69) Importer(815301076,1909f56bfc062723c751e8b465ee728b)
Start importing Assets/GameMain/Music/music_about.mp3 using Guid(093f8873cfe371d41b854ed9fb6bff69) Importer(815301076,1909f56bfc062723c751e8b465ee728b)  -> (artifact id: '5a66fff3f7f6df90a4f3e6eaf8a26238') in 0.010350 seconds
  Import took 0.011563 seconds .

========================================================================
Received Import Request.
  Time since last request: 0.000152 seconds.
  path: Assets/GameMain/Music/music_background.mp3
  artifactKey: Guid(638ff8ae4a0d15047839cd265d3bc296) Importer(815301076,1909f56bfc062723c751e8b465ee728b)
Start importing Assets/GameMain/Music/music_background.mp3 using Guid(638ff8ae4a0d15047839cd265d3bc296) Importer(815301076,1909f56bfc062723c751e8b465ee728b)  -> (artifact id: 'c4ce2e3c018d26fc2fb244bd0efd4086') in 0.010894 seconds
  Import took 0.012294 seconds .

========================================================================
Received Import Request.
  Time since last request: 0.000137 seconds.
  path: Assets/GameMain/Music/music_menu.mp3
  artifactKey: Guid(caa829ab2ffc71340a69253afdf58365) Importer(815301076,1909f56bfc062723c751e8b465ee728b)
Start importing Assets/GameMain/Music/music_menu.mp3 using Guid(caa829ab2ffc71340a69253afdf58365) Importer(815301076,1909f56bfc062723c751e8b465ee728b)  -> (artifact id: '56e434486451655323b864068048d38f') in 0.011147 seconds
  Import took 0.012357 seconds .

========================================================================
Received Import Request.
  Time since last request: 0.000163 seconds.
  path: Assets/GameMain/Music/music_background.mp3
  artifactKey: Guid(638ff8ae4a0d15047839cd265d3bc296) Importer(815301076,1909f56bfc062723c751e8b465ee728b)
Start importing Assets/GameMain/Music/music_background.mp3 using Guid(638ff8ae4a0d15047839cd265d3bc296) Importer(815301076,1909f56bfc062723c751e8b465ee728b)  -> (artifact id: 'c4ce2e3c018d26fc2fb244bd0efd4086') in 0.010327 seconds
  Import took 0.011675 seconds .

========================================================================
Received Import Request.
  Time since last request: 0.000558 seconds.
  path: Assets/GameMain/Music/music_menu.mp3
  artifactKey: Guid(caa829ab2ffc71340a69253afdf58365) Importer(815301076,1909f56bfc062723c751e8b465ee728b)
Start importing Assets/GameMain/Music/music_menu.mp3 using Guid(caa829ab2ffc71340a69253afdf58365) Importer(815301076,1909f56bfc062723c751e8b465ee728b)  -> (artifact id: '56e434486451655323b864068048d38f') in 0.009754 seconds
  Import took 0.010894 seconds .

========================================================================
Received Import Request.
  Time since last request: 1.172903 seconds.
  path: Assets/GameMain/Fonts/MainFont.ttf
  artifactKey: Guid(77cbb7c5404c10242ab59953e0746314) Importer(815301076,1909f56bfc062723c751e8b465ee728b)
Start importing Assets/GameMain/Fonts/MainFont.ttf using Guid(77cbb7c5404c10242ab59953e0746314) Importer(815301076,1909f56bfc062723c751e8b465ee728b)  -> (artifact id: 'f4334ceabfd6959284662663145399b6') in 0.057935 seconds
  Import took 0.059629 seconds .

========================================================================
Received Import Request.
  Time since last request: 2.645965 seconds.
  path: Assets/StarForce Launcher.unity
  artifactKey: Guid(9d2d51bf0fc3dfc42908e3a7a64f4feb) Importer(815301076,1909f56bfc062723c751e8b465ee728b)
Start importing Assets/StarForce Launcher.unity using Guid(9d2d51bf0fc3dfc42908e3a7a64f4feb) Importer(815301076,1909f56bfc062723c751e8b465ee728b)  -> (artifact id: '469c234f50f531e9038ea05356698632') in 0.010494 seconds
  Import took 0.011703 seconds .

========================================================================
Received Prepare
Registering precompiled user dll's ...
Registered in 0.001435 seconds.
Begin MonoManager ReloadAssembly
Native extension for WindowsStandalone target not found
Refreshing native plugins compatible for Editor in 0.23 ms, found 0 plugins.
Preloading 0 native plugins for Editor in 0.00 ms.
Invoked RoslynAnalysisRunner static constructor.
RoslynAnalysisRunner will not be running.
RoslynAnalysisRunner has terminated.
Mono: successfully reloaded assembly
- Completed reload, in  0.514 seconds
Platform modules already initialized, skipping
Refreshing native plugins compatible for Editor in 0.16 ms, found 0 plugins.
Preloading 0 native plugins for Editor in 0.00 ms.
Unloading 674 Unused Serialized files (Serialized files now loaded: 0)
System memory in use before: 46.8 MB.
System memory in use after: 46.8 MB.

Unloading 6 unused Assets to reduce memory usage. Loaded Objects now: 1164.
Total: 1.709000 ms (FindLiveObjects: 0.105700 ms CreateObjectMapping: 0.017400 ms MarkObjects: 1.571100 ms  DeleteObjects: 0.013900 ms)

========================================================================
Received Prepare
Registering precompiled user dll's ...
Registered in 0.001496 seconds.
Begin MonoManager ReloadAssembly
Native extension for WindowsStandalone target not found
Refreshing native plugins compatible for Editor in 0.24 ms, found 0 plugins.
Preloading 0 native plugins for Editor in 0.00 ms.
Invoked RoslynAnalysisRunner static constructor.
RoslynAnalysisRunner will not be running.
RoslynAnalysisRunner has terminated.
Mono: successfully reloaded assembly
- Completed reload, in  0.458 seconds
Platform modules already initialized, skipping
Refreshing native plugins compatible for Editor in 0.10 ms, found 0 plugins.
Preloading 0 native plugins for Editor in 0.00 ms.
Unloading 674 Unused Serialized files (Serialized files now loaded: 0)
System memory in use before: 46.8 MB.
System memory in use after: 46.8 MB.

Unloading 6 unused Assets to reduce memory usage. Loaded Objects now: 1164.
Total: 1.165300 ms (FindLiveObjects: 0.130100 ms CreateObjectMapping: 0.015900 ms MarkObjects: 1.007500 ms  DeleteObjects: 0.010300 ms)

========================================================================
Received Import Request.
  Time since last request: 1252.148901 seconds.
  path: Assets/GameMain/Configs/AudioMixer.mixer
  artifactKey: Guid(b7317ff76310723499b9d88117cd0191) Importer(815301076,1909f56bfc062723c751e8b465ee728b)
Start importing Assets/GameMain/Configs/AudioMixer.mixer using Guid(b7317ff76310723499b9d88117cd0191) Importer(815301076,1909f56bfc062723c751e8b465ee728b)  -> (artifact id: 'e0c74f79d255219642ca19f825472cbc') in 0.019114 seconds
  Import took 0.020411 seconds .

========================================================================
Received Import Request.
  Time since last request: 0.000164 seconds.
  path: Assets/GameMain/Configs/DebuggerSkin.guiskin
  artifactKey: Guid(a4c1cc1e6676f0e48a527bad48941f98) Importer(815301076,1909f56bfc062723c751e8b465ee728b)
Start importing Assets/GameMain/Configs/DebuggerSkin.guiskin using Guid(a4c1cc1e6676f0e48a527bad48941f98) Importer(815301076,1909f56bfc062723c751e8b465ee728b)  -> (artifact id: '6f10613e896a760e999138ad4236ea68') in 0.015978 seconds
  Import took 0.017515 seconds .

========================================================================
Received Import Request.
  Time since last request: 2.775889 seconds.
  path: Assets/GameMain/Configs/BuildInfo.txt
  artifactKey: Guid(0f949a7f73d128547b1314a7e471f19f) Importer(815301076,1909f56bfc062723c751e8b465ee728b)
Start importing Assets/GameMain/Configs/BuildInfo.txt using Guid(0f949a7f73d128547b1314a7e471f19f) Importer(815301076,1909f56bfc062723c751e8b465ee728b)  -> (artifact id: 'aa263fec6901981e8d8a42a9f5ac74cd') in 0.011165 seconds
  Import took 0.012585 seconds .

========================================================================
Received Prepare
Registering precompiled user dll's ...
Registered in 0.001476 seconds.
Begin MonoManager ReloadAssembly
Native extension for WindowsStandalone target not found
Refreshing native plugins compatible for Editor in 0.16 ms, found 0 plugins.
Preloading 0 native plugins for Editor in 0.00 ms.
Invoked RoslynAnalysisRunner static constructor.
RoslynAnalysisRunner will not be running.
RoslynAnalysisRunner has terminated.
Mono: successfully reloaded assembly
- Completed reload, in  0.525 seconds
Platform modules already initialized, skipping
Refreshing native plugins compatible for Editor in 0.26 ms, found 0 plugins.
Preloading 0 native plugins for Editor in 0.00 ms.
Unloading 674 Unused Serialized files (Serialized files now loaded: 0)
System memory in use before: 46.9 MB.
System memory in use after: 47.0 MB.

Unloading 6 unused Assets to reduce memory usage. Loaded Objects now: 1166.
Total: 1.272900 ms (FindLiveObjects: 0.127400 ms CreateObjectMapping: 0.013900 ms MarkObjects: 1.119200 ms  DeleteObjects: 0.011500 ms)

========================================================================
Received Prepare
Registering precompiled user dll's ...
Registered in 0.001422 seconds.
Begin MonoManager ReloadAssembly
Native extension for WindowsStandalone target not found
Refreshing native plugins compatible for Editor in 0.14 ms, found 0 plugins.
Preloading 0 native plugins for Editor in 0.00 ms.
Invoked RoslynAnalysisRunner static constructor.
RoslynAnalysisRunner will not be running.
RoslynAnalysisRunner has terminated.
Mono: successfully reloaded assembly
- Completed reload, in  0.495 seconds
Platform modules already initialized, skipping
Refreshing native plugins compatible for Editor in 0.22 ms, found 0 plugins.
Preloading 0 native plugins for Editor in 0.00 ms.
Unloading 674 Unused Serialized files (Serialized files now loaded: 0)
System memory in use before: 46.9 MB.
System memory in use after: 46.9 MB.

Unloading 6 unused Assets to reduce memory usage. Loaded Objects now: 1166.
Total: 1.291600 ms (FindLiveObjects: 0.116700 ms CreateObjectMapping: 0.024100 ms MarkObjects: 1.138300 ms  DeleteObjects: 0.011700 ms)

========================================================================
Received Prepare
Registering precompiled user dll's ...
Registered in 0.001378 seconds.
Begin MonoManager ReloadAssembly
Native extension for WindowsStandalone target not found
Refreshing native plugins compatible for Editor in 0.18 ms, found 0 plugins.
Preloading 0 native plugins for Editor in 0.00 ms.
Invoked RoslynAnalysisRunner static constructor.
RoslynAnalysisRunner will not be running.
RoslynAnalysisRunner has terminated.
Mono: successfully reloaded assembly
- Completed reload, in  0.505 seconds
Platform modules already initialized, skipping
Refreshing native plugins compatible for Editor in 0.14 ms, found 0 plugins.
Preloading 0 native plugins for Editor in 0.00 ms.
Unloading 674 Unused Serialized files (Serialized files now loaded: 0)
System memory in use before: 46.9 MB.
System memory in use after: 46.9 MB.

Unloading 6 unused Assets to reduce memory usage. Loaded Objects now: 1166.
Total: 1.313800 ms (FindLiveObjects: 0.122200 ms CreateObjectMapping: 0.031300 ms MarkObjects: 1.147400 ms  DeleteObjects: 0.011900 ms)

========================================================================
Received Prepare
Registering precompiled user dll's ...
Registered in 0.001367 seconds.
Begin MonoManager ReloadAssembly
Native extension for WindowsStandalone target not found
Refreshing native plugins compatible for Editor in 0.15 ms, found 0 plugins.
Preloading 0 native plugins for Editor in 0.00 ms.
Invoked RoslynAnalysisRunner static constructor.
RoslynAnalysisRunner will not be running.
RoslynAnalysisRunner has terminated.
Mono: successfully reloaded assembly
- Completed reload, in  0.522 seconds
Platform modules already initialized, skipping
Refreshing native plugins compatible for Editor in 0.14 ms, found 0 plugins.
Preloading 0 native plugins for Editor in 0.00 ms.
Unloading 674 Unused Serialized files (Serialized files now loaded: 0)
System memory in use before: 46.9 MB.
System memory in use after: 47.0 MB.

Unloading 6 unused Assets to reduce memory usage. Loaded Objects now: 1166.
Total: 1.524200 ms (FindLiveObjects: 0.206300 ms CreateObjectMapping: 0.030400 ms MarkObjects: 1.271800 ms  DeleteObjects: 0.014000 ms)

========================================================================
Received Prepare
Registering precompiled user dll's ...
Registered in 0.001381 seconds.
Begin MonoManager ReloadAssembly
Native extension for WindowsStandalone target not found
Refreshing native plugins compatible for Editor in 0.14 ms, found 0 plugins.
Preloading 0 native plugins for Editor in 0.00 ms.
Invoked RoslynAnalysisRunner static constructor.
RoslynAnalysisRunner will not be running.
RoslynAnalysisRunner has terminated.
Mono: successfully reloaded assembly
- Completed reload, in  0.502 seconds
Platform modules already initialized, skipping
Refreshing native plugins compatible for Editor in 0.14 ms, found 0 plugins.
Preloading 0 native plugins for Editor in 0.00 ms.
Unloading 674 Unused Serialized files (Serialized files now loaded: 0)
System memory in use before: 46.9 MB.
System memory in use after: 46.9 MB.

Unloading 6 unused Assets to reduce memory usage. Loaded Objects now: 1166.
Total: 1.610700 ms (FindLiveObjects: 0.153900 ms CreateObjectMapping: 0.015200 ms MarkObjects: 1.428300 ms  DeleteObjects: 0.011900 ms)

========================================================================
Received Prepare
Registering precompiled user dll's ...
Registered in 0.001649 seconds.
Begin MonoManager ReloadAssembly
Native extension for WindowsStandalone target not found
Refreshing native plugins compatible for Editor in 0.15 ms, found 0 plugins.
Preloading 0 native plugins for Editor in 0.00 ms.
Invoked RoslynAnalysisRunner static constructor.
RoslynAnalysisRunner will not be running.
RoslynAnalysisRunner has terminated.
Mono: successfully reloaded assembly
- Completed reload, in  0.522 seconds
Platform modules already initialized, skipping
Refreshing native plugins compatible for Editor in 0.15 ms, found 0 plugins.
Preloading 0 native plugins for Editor in 0.00 ms.
Unloading 674 Unused Serialized files (Serialized files now loaded: 0)
System memory in use before: 46.9 MB.
System memory in use after: 47.0 MB.

Unloading 6 unused Assets to reduce memory usage. Loaded Objects now: 1166.
Total: 1.875600 ms (FindLiveObjects: 0.333800 ms CreateObjectMapping: 0.030200 ms MarkObjects: 1.496200 ms  DeleteObjects: 0.013300 ms)

========================================================================
Received Import Request.
  Time since last request: 1562.347063 seconds.
  path: Assets/GameMain/Configs/ResourceCollection.xml
  artifactKey: Guid(b44bfac45a6cb7f448eb320ecc030a9c) Importer(815301076,1909f56bfc062723c751e8b465ee728b)
Start importing Assets/GameMain/Configs/ResourceCollection.xml using Guid(b44bfac45a6cb7f448eb320ecc030a9c) Importer(815301076,1909f56bfc062723c751e8b465ee728b)  -> (artifact id: '3ca6df6ede9f0080437cf52eafe2c1e2') in 0.017572 seconds
  Import took 0.018874 seconds .

========================================================================
Received Import Request.
  Time since last request: 0.005786 seconds.
  path: Assets/GameMain/Configs/ResourceCollection.xml
  artifactKey: Guid(b44bfac45a6cb7f448eb320ecc030a9c) Importer(815301076,1909f56bfc062723c751e8b465ee728b)
Start importing Assets/GameMain/Configs/ResourceCollection.xml using Guid(b44bfac45a6cb7f448eb320ecc030a9c) Importer(815301076,1909f56bfc062723c751e8b465ee728b)  -> (artifact id: '3ca6df6ede9f0080437cf52eafe2c1e2') in 0.002165 seconds
  Import took 0.003473 seconds .

========================================================================
Received Prepare
Refreshing native plugins compatible for Editor in 0.74 ms, found 0 plugins.
Preloading 0 native plugins for Editor in 0.00 ms.
Unloading 6 Unused Serialized files (Serialized files now loaded: 0)
System memory in use before: 33.6 MB.
System memory in use after: 33.7 MB.

Unloading 6 unused Assets to reduce memory usage. Loaded Objects now: 1166.
Total: 1.833100 ms (FindLiveObjects: 0.153400 ms CreateObjectMapping: 0.020600 ms MarkObjects: 1.646300 ms  DeleteObjects: 0.010900 ms)

========================================================================
Received Prepare
Refreshing native plugins compatible for Editor in 0.89 ms, found 0 plugins.
Preloading 0 native plugins for Editor in 0.00 ms.
Unloading 6 Unused Serialized files (Serialized files now loaded: 0)
System memory in use before: 33.6 MB.
System memory in use after: 33.7 MB.

Unloading 6 unused Assets to reduce memory usage. Loaded Objects now: 1166.
Total: 1.752900 ms (FindLiveObjects: 0.131700 ms CreateObjectMapping: 0.023900 ms MarkObjects: 1.585000 ms  DeleteObjects: 0.011200 ms)

========================================================================
Received Prepare
Refreshing native plugins compatible for Editor in 0.75 ms, found 0 plugins.
Preloading 0 native plugins for Editor in 0.00 ms.
Unloading 6 Unused Serialized files (Serialized files now loaded: 0)
System memory in use before: 33.6 MB.
System memory in use after: 33.7 MB.

Unloading 6 unused Assets to reduce memory usage. Loaded Objects now: 1166.
Total: 1.610900 ms (FindLiveObjects: 0.177900 ms CreateObjectMapping: 0.026900 ms MarkObjects: 1.394300 ms  DeleteObjects: 0.010500 ms)

========================================================================
Received Prepare
Refreshing native plugins compatible for Editor in 0.74 ms, found 0 plugins.
Preloading 0 native plugins for Editor in 0.00 ms.
Unloading 6 Unused Serialized files (Serialized files now loaded: 0)
System memory in use before: 33.6 MB.
System memory in use after: 33.7 MB.

Unloading 6 unused Assets to reduce memory usage. Loaded Objects now: 1166.
Total: 1.637300 ms (FindLiveObjects: 0.144300 ms CreateObjectMapping: 0.019900 ms MarkObjects: 1.460400 ms  DeleteObjects: 0.011800 ms)

========================================================================
Received Prepare
Refreshing native plugins compatible for Editor in 0.72 ms, found 0 plugins.
Preloading 0 native plugins for Editor in 0.00 ms.
Unloading 6 Unused Serialized files (Serialized files now loaded: 0)
System memory in use before: 33.6 MB.
System memory in use after: 33.7 MB.

Unloading 6 unused Assets to reduce memory usage. Loaded Objects now: 1166.
Total: 1.648200 ms (FindLiveObjects: 0.134000 ms CreateObjectMapping: 0.014600 ms MarkObjects: 1.485100 ms  DeleteObjects: 0.012900 ms)

========================================================================
Received Prepare
Refreshing native plugins compatible for Editor in 0.79 ms, found 0 plugins.
Preloading 0 native plugins for Editor in 0.00 ms.
Unloading 6 Unused Serialized files (Serialized files now loaded: 0)
System memory in use before: 33.6 MB.
System memory in use after: 33.7 MB.

Unloading 6 unused Assets to reduce memory usage. Loaded Objects now: 1166.
Total: 1.675900 ms (FindLiveObjects: 0.134700 ms CreateObjectMapping: 0.015400 ms MarkObjects: 1.513000 ms  DeleteObjects: 0.011700 ms)

========================================================================
Received Prepare
Refreshing native plugins compatible for Editor in 0.73 ms, found 0 plugins.
Preloading 0 native plugins for Editor in 0.00 ms.
Unloading 6 Unused Serialized files (Serialized files now loaded: 0)
System memory in use before: 33.6 MB.
System memory in use after: 33.7 MB.

Unloading 6 unused Assets to reduce memory usage. Loaded Objects now: 1166.
Total: 1.785600 ms (FindLiveObjects: 0.223900 ms CreateObjectMapping: 0.016800 ms MarkObjects: 1.530900 ms  DeleteObjects: 0.012000 ms)

========================================================================
Received Import Request.
  Time since last request: 655.390956 seconds.
  path: Assets/StreamingAssets/UI.dat
  artifactKey: Guid(022ab9fff5b62d54a8d534513416d646) Importer(815301076,1909f56bfc062723c751e8b465ee728b)
Start importing Assets/StreamingAssets/UI.dat using Guid(022ab9fff5b62d54a8d534513416d646) Importer(815301076,1909f56bfc062723c751e8b465ee728b)  -> (artifact id: 'e9a81d60f1b48910cbf8586acc7b1c9e') in 0.009673 seconds
  Import took 0.011008 seconds .

========================================================================
Received Prepare
Registering precompiled user dll's ...
Registered in 0.001336 seconds.
Begin MonoManager ReloadAssembly
Native extension for WindowsStandalone target not found
Refreshing native plugins compatible for Editor in 0.16 ms, found 0 plugins.
Preloading 0 native plugins for Editor in 0.00 ms.
Invoked RoslynAnalysisRunner static constructor.
RoslynAnalysisRunner will not be running.
RoslynAnalysisRunner has terminated.
Mono: successfully reloaded assembly
- Completed reload, in  0.522 seconds
Platform modules already initialized, skipping
Refreshing native plugins compatible for Editor in 0.14 ms, found 0 plugins.
Preloading 0 native plugins for Editor in 0.00 ms.
Unloading 674 Unused Serialized files (Serialized files now loaded: 0)
System memory in use before: 46.9 MB.
System memory in use after: 47.0 MB.

Unloading 6 unused Assets to reduce memory usage. Loaded Objects now: 1166.
Total: 1.324300 ms (FindLiveObjects: 0.116400 ms CreateObjectMapping: 0.014900 ms MarkObjects: 1.180800 ms  DeleteObjects: 0.011100 ms)

========================================================================
Received Prepare
Registering precompiled user dll's ...
Registered in 0.001347 seconds.
Begin MonoManager ReloadAssembly
Native extension for WindowsStandalone target not found
Refreshing native plugins compatible for Editor in 0.15 ms, found 0 plugins.
Preloading 0 native plugins for Editor in 0.00 ms.
Invoked RoslynAnalysisRunner static constructor.
RoslynAnalysisRunner will not be running.
RoslynAnalysisRunner has terminated.
Mono: successfully reloaded assembly
- Completed reload, in  0.499 seconds
Platform modules already initialized, skipping
Refreshing native plugins compatible for Editor in 0.13 ms, found 0 plugins.
Preloading 0 native plugins for Editor in 0.00 ms.
Unloading 674 Unused Serialized files (Serialized files now loaded: 0)
System memory in use before: 46.9 MB.
System memory in use after: 47.0 MB.

Unloading 6 unused Assets to reduce memory usage. Loaded Objects now: 1166.
Total: 1.298500 ms (FindLiveObjects: 0.117900 ms CreateObjectMapping: 0.017200 ms MarkObjects: 1.148900 ms  DeleteObjects: 0.013100 ms)

========================================================================
Received Prepare
Registering precompiled user dll's ...
Registered in 0.001317 seconds.
Begin MonoManager ReloadAssembly
Native extension for WindowsStandalone target not found
Refreshing native plugins compatible for Editor in 0.15 ms, found 0 plugins.
Preloading 0 native plugins for Editor in 0.00 ms.
Invoked RoslynAnalysisRunner static constructor.
RoslynAnalysisRunner will not be running.
RoslynAnalysisRunner has terminated.
Mono: successfully reloaded assembly
- Completed reload, in  0.486 seconds
Platform modules already initialized, skipping
Refreshing native plugins compatible for Editor in 0.14 ms, found 0 plugins.
Preloading 0 native plugins for Editor in 0.00 ms.
Unloading 674 Unused Serialized files (Serialized files now loaded: 0)
System memory in use before: 47.0 MB.
System memory in use after: 47.0 MB.

Unloading 6 unused Assets to reduce memory usage. Loaded Objects now: 1166.
Total: 1.311500 ms (FindLiveObjects: 0.247700 ms CreateObjectMapping: 0.023400 ms MarkObjects: 1.025300 ms  DeleteObjects: 0.011600 ms)

========================================================================
Received Import Request.
  Time since last request: 137.190687 seconds.
  path: Assets/StreamingAssets
  artifactKey: Guid(fa53b8776f6a8ce4598fe035cb4356b8) Importer(815301076,1909f56bfc062723c751e8b465ee728b)
Start importing Assets/StreamingAssets using Guid(fa53b8776f6a8ce4598fe035cb4356b8) Importer(815301076,1909f56bfc062723c751e8b465ee728b)  -> (artifact id: 'b48f92f6eb3fcee23a1f27727b5e2502') in 0.010249 seconds
  Import took 0.011453 seconds .

========================================================================
Received Prepare
Registering precompiled user dll's ...
Registered in 0.001356 seconds.
Begin MonoManager ReloadAssembly
Native extension for WindowsStandalone target not found
Refreshing native plugins compatible for Editor in 0.15 ms, found 0 plugins.
Preloading 0 native plugins for Editor in 0.00 ms.
Invoked RoslynAnalysisRunner static constructor.
RoslynAnalysisRunner will not be running.
RoslynAnalysisRunner has terminated.
Mono: successfully reloaded assembly
- Completed reload, in  0.455 seconds
Platform modules already initialized, skipping
Refreshing native plugins compatible for Editor in 0.15 ms, found 0 plugins.
Preloading 0 native plugins for Editor in 0.00 ms.
Unloading 674 Unused Serialized files (Serialized files now loaded: 0)
System memory in use before: 46.9 MB.
System memory in use after: 47.0 MB.

Unloading 6 unused Assets to reduce memory usage. Loaded Objects now: 1166.
Total: 1.282400 ms (FindLiveObjects: 0.105900 ms CreateObjectMapping: 0.015900 ms MarkObjects: 1.147100 ms  DeleteObjects: 0.012500 ms)

========================================================================
Received Prepare
Refreshing native plugins compatible for Editor in 1.06 ms, found 0 plugins.
Preloading 0 native plugins for Editor in 0.00 ms.
Unloading 6 Unused Serialized files (Serialized files now loaded: 0)
System memory in use before: 33.6 MB.
System memory in use after: 33.7 MB.

Unloading 6 unused Assets to reduce memory usage. Loaded Objects now: 1166.
Total: 1.644200 ms (FindLiveObjects: 0.183000 ms CreateObjectMapping: 0.031400 ms MarkObjects: 1.415300 ms  DeleteObjects: 0.012200 ms)

========================================================================
Received Prepare
Refreshing native plugins compatible for Editor in 1.02 ms, found 0 plugins.
Preloading 0 native plugins for Editor in 0.00 ms.
Unloading 6 Unused Serialized files (Serialized files now loaded: 0)
System memory in use before: 33.6 MB.
System memory in use after: 33.7 MB.

Unloading 6 unused Assets to reduce memory usage. Loaded Objects now: 1166.
Total: 1.331600 ms (FindLiveObjects: 0.156500 ms CreateObjectMapping: 0.018600 ms MarkObjects: 1.143900 ms  DeleteObjects: 0.011500 ms)

========================================================================
Received Prepare
Refreshing native plugins compatible for Editor in 0.89 ms, found 0 plugins.
Preloading 0 native plugins for Editor in 0.00 ms.
Unloading 6 Unused Serialized files (Serialized files now loaded: 0)
System memory in use before: 33.6 MB.
System memory in use after: 33.7 MB.

Unloading 6 unused Assets to reduce memory usage. Loaded Objects now: 1166.
Total: 1.251700 ms (FindLiveObjects: 0.128300 ms CreateObjectMapping: 0.017500 ms MarkObjects: 1.093700 ms  DeleteObjects: 0.011100 ms)

========================================================================
Received Prepare
Refreshing native plugins compatible for Editor in 0.92 ms, found 0 plugins.
Preloading 0 native plugins for Editor in 0.00 ms.
Unloading 6 Unused Serialized files (Serialized files now loaded: 0)
System memory in use before: 33.6 MB.
System memory in use after: 33.7 MB.

Unloading 6 unused Assets to reduce memory usage. Loaded Objects now: 1166.
Total: 1.361700 ms (FindLiveObjects: 0.153200 ms CreateObjectMapping: 0.017000 ms MarkObjects: 1.177700 ms  DeleteObjects: 0.012800 ms)

========================================================================
Received Prepare
Refreshing native plugins compatible for Editor in 1.11 ms, found 0 plugins.
Preloading 0 native plugins for Editor in 0.00 ms.
Unloading 6 Unused Serialized files (Serialized files now loaded: 0)
System memory in use before: 33.6 MB.
System memory in use after: 33.7 MB.

Unloading 6 unused Assets to reduce memory usage. Loaded Objects now: 1166.
Total: 1.393100 ms (FindLiveObjects: 0.169000 ms CreateObjectMapping: 0.019900 ms MarkObjects: 1.187500 ms  DeleteObjects: 0.015900 ms)

========================================================================
Received Prepare
Refreshing native plugins compatible for Editor in 0.92 ms, found 0 plugins.
Preloading 0 native plugins for Editor in 0.00 ms.
Unloading 6 Unused Serialized files (Serialized files now loaded: 0)
System memory in use before: 33.6 MB.
System memory in use after: 33.7 MB.

Unloading 6 unused Assets to reduce memory usage. Loaded Objects now: 1166.
Total: 1.254900 ms (FindLiveObjects: 0.147500 ms CreateObjectMapping: 0.017800 ms MarkObjects: 1.076800 ms  DeleteObjects: 0.011900 ms)

========================================================================
Received Import Request.
  Time since last request: 2246.846184 seconds.
  path: Assets/StreamingAssets/Resources.dat
  artifactKey: Guid(7b93e2f795003cf47af373b8d7dde4b8) Importer(815301076,1909f56bfc062723c751e8b465ee728b)
Start importing Assets/StreamingAssets/Resources.dat using Guid(7b93e2f795003cf47af373b8d7dde4b8) Importer(815301076,1909f56bfc062723c751e8b465ee728b)  -> (artifact id: '9e1f0c78d26f2189f44057179295c8ee') in 0.014770 seconds
  Import took 0.017189 seconds .

========================================================================
Received Prepare
Refreshing native plugins compatible for Editor in 1.24 ms, found 0 plugins.
Preloading 0 native plugins for Editor in 0.00 ms.
Unloading 6 Unused Serialized files (Serialized files now loaded: 0)
System memory in use before: 33.6 MB.
System memory in use after: 33.7 MB.

Unloading 6 unused Assets to reduce memory usage. Loaded Objects now: 1166.
Total: 2.539200 ms (FindLiveObjects: 0.143700 ms CreateObjectMapping: 0.021900 ms MarkObjects: 2.358000 ms  DeleteObjects: 0.014200 ms)

========================================================================
Received Prepare
Refreshing native plugins compatible for Editor in 0.96 ms, found 0 plugins.
Preloading 0 native plugins for Editor in 0.00 ms.
Unloading 6 Unused Serialized files (Serialized files now loaded: 0)
System memory in use before: 33.6 MB.
System memory in use after: 33.7 MB.

Unloading 6 unused Assets to reduce memory usage. Loaded Objects now: 1166.
Total: 1.723600 ms (FindLiveObjects: 0.176300 ms CreateObjectMapping: 0.020800 ms MarkObjects: 1.512000 ms  DeleteObjects: 0.012900 ms)

========================================================================
Received Prepare
Refreshing native plugins compatible for Editor in 1.03 ms, found 0 plugins.
Preloading 0 native plugins for Editor in 0.00 ms.
Unloading 6 Unused Serialized files (Serialized files now loaded: 0)
System memory in use before: 33.6 MB.
System memory in use after: 33.7 MB.

Unloading 6 unused Assets to reduce memory usage. Loaded Objects now: 1166.
Total: 1.452000 ms (FindLiveObjects: 0.103600 ms CreateObjectMapping: 0.019000 ms MarkObjects: 1.317600 ms  DeleteObjects: 0.010900 ms)

========================================================================
Received Prepare
Refreshing native plugins compatible for Editor in 0.86 ms, found 0 plugins.
Preloading 0 native plugins for Editor in 0.00 ms.
Unloading 6 Unused Serialized files (Serialized files now loaded: 0)
System memory in use before: 33.6 MB.
System memory in use after: 33.7 MB.

Unloading 6 unused Assets to reduce memory usage. Loaded Objects now: 1166.
Total: 2.322000 ms (FindLiveObjects: 0.128800 ms CreateObjectMapping: 0.018000 ms MarkObjects: 2.157100 ms  DeleteObjects: 0.016700 ms)

========================================================================
Received Prepare
Refreshing native plugins compatible for Editor in 0.89 ms, found 0 plugins.
Preloading 0 native plugins for Editor in 0.00 ms.
Unloading 6 Unused Serialized files (Serialized files now loaded: 0)
System memory in use before: 33.6 MB.
System memory in use after: 33.7 MB.

Unloading 6 unused Assets to reduce memory usage. Loaded Objects now: 1166.
Total: 1.658800 ms (FindLiveObjects: 0.101100 ms CreateObjectMapping: 0.018700 ms MarkObjects: 1.526400 ms  DeleteObjects: 0.011600 ms)

========================================================================
Received Prepare
Refreshing native plugins compatible for Editor in 0.89 ms, found 0 plugins.
Preloading 0 native plugins for Editor in 0.00 ms.
Unloading 6 Unused Serialized files (Serialized files now loaded: 0)
System memory in use before: 33.6 MB.
System memory in use after: 33.7 MB.

Unloading 6 unused Assets to reduce memory usage. Loaded Objects now: 1166.
Total: 2.549700 ms (FindLiveObjects: 0.226900 ms CreateObjectMapping: 0.026900 ms MarkObjects: 2.272800 ms  DeleteObjects: 0.021100 ms)

AssetImportWorkerClient::OnTransportError - code=2 error=End of file
